<?xml version="1.0" encoding="UTF-8"?>
<!-- Generated by org.testng.reporters.JUnitReportReporter -->
<testsuite hostname="ASDP1760PO02529" name="selenium.RunTest" tests="2" failures="0" timestamp="11 Jul 2018 11:27:13 GMT" time="39.312" errors="0">
  <testcase name="feature" time="14.328" classname="selenium.RunTest"/>
  <testcase name="feature" time="24.984" classname="selenium.RunTest"/>
</testsuite> <!-- selenium.RunTest -->
