<?xml version="1.0" encoding="UTF-8"?>
<!-- Generated by org.testng.reporters.JUnitReportReporter -->
<testsuite hostname="ASDP1760PO02529" name="selenium.RunTest" tests="2" failures="0" timestamp="12 Jul 2018 04:28:46 GMT" time="32.225" errors="0">
  <testcase name="feature" time="22.507" classname="selenium.RunTest"/>
  <testcase name="feature" time="9.718" classname="selenium.RunTest"/>
</testsuite> <!-- selenium.RunTest -->
